This file contains any messages produced by compilers while
running configure, to aid debugging if configure makes a mistake.

It was created by libjpeg-turbo configure 1.2.0, which was
generated by GNU Autoconf 2.69.  Invocation command line was

  $ /rok4-tobuild/lib/libjpeg/libjpeg-turbo-1.2.0/configure --enable-static=yes --enable-shared=no --prefix=/rok4-tobuild/build/lib/libjpeg/install

## --------- ##
## Platform. ##
## --------- ##

hostname = 358d2400f61e
uname -m = x86_64
uname -r = 3.16.0-28-generic
uname -s = Linux
uname -v = #38-Ubuntu SMP Fri Dec 12 17:37:40 UTC 2014

/usr/bin/uname -p = unknown
/bin/uname -X     = unknown

/bin/arch              = unknown
/usr/bin/arch -k       = unknown
/usr/convex/getsysinfo = unknown
/usr/bin/hostinfo      = unknown
/bin/machine           = unknown
/usr/bin/oslevel       = unknown
/bin/universe          = unknown

PATH: /usr/local/sbin
PATH: /usr/local/bin
PATH: /usr/sbin
PATH: /usr/bin
PATH: /sbin
PATH: /bin


## ----------- ##
## Core tests. ##
## ----------- ##

configure:2845: checking for a BSD-compatible install
configure:2913: result: /usr/bin/install -c
configure:2924: checking whether build environment is sane
configure:2961: result: yes
configure:3023: checking for gawk
configure:3053: result: no
configure:3023: checking for mawk
configure:3039: found /usr/bin/mawk
configure:3050: result: mawk
configure:3061: checking whether make sets $(MAKE)
configure:3083: result: yes
configure:3283: checking for style of include used by make
configure:3311: result: GNU
configure:3384: checking for gcc
configure:3400: found /usr/bin/gcc
configure:3411: result: gcc
configure:3640: checking for C compiler version
configure:3649: gcc --version >&5
gcc (Debian 4.7.2-5) 4.7.2
Copyright (C) 2012 Free Software Foundation, Inc.
This is free software; see the source for copying conditions.  There is NO
warranty; not even for MERCHANTABILITY or FITNESS FOR A PARTICULAR PURPOSE.

configure:3660: $? = 0
configure:3649: gcc -v >&5
Using built-in specs.
COLLECT_GCC=gcc
COLLECT_LTO_WRAPPER=/usr/lib/gcc/x86_64-linux-gnu/4.7/lto-wrapper
Target: x86_64-linux-gnu
Configured with: ../src/configure -v --with-pkgversion='Debian 4.7.2-5' --with-bugurl=file:///usr/share/doc/gcc-4.7/README.Bugs --enable-languages=c,c++,go,fortran,objc,obj-c++ --prefix=/usr --program-suffix=-4.7 --enable-shared --enable-linker-build-id --with-system-zlib --libexecdir=/usr/lib --without-included-gettext --enable-threads=posix --with-gxx-include-dir=/usr/include/c++/4.7 --libdir=/usr/lib --enable-nls --with-sysroot=/ --enable-clocale=gnu --enable-libstdcxx-debug --enable-libstdcxx-time=yes --enable-gnu-unique-object --enable-plugin --enable-objc-gc --with-arch-32=i586 --with-tune=generic --enable-checking=release --build=x86_64-linux-gnu --host=x86_64-linux-gnu --target=x86_64-linux-gnu
Thread model: posix
gcc version 4.7.2 (Debian 4.7.2-5) 
configure:3660: $? = 0
configure:3649: gcc -V >&5
gcc: error: unrecognized command line option '-V'
gcc: fatal error: no input files
compilation terminated.
configure:3660: $? = 4
configure:3649: gcc -qversion >&5
gcc: error: unrecognized command line option '-qversion'
gcc: fatal error: no input files
compilation terminated.
configure:3660: $? = 4
configure:3680: checking whether the C compiler works
configure:3702: gcc -O3   conftest.c  >&5
configure:3706: $? = 0
configure:3754: result: yes
configure:3757: checking for C compiler default output file name
configure:3759: result: a.out
configure:3765: checking for suffix of executables
configure:3772: gcc -o conftest -O3   conftest.c  >&5
configure:3776: $? = 0
configure:3798: result: 
configure:3820: checking whether we are cross compiling
configure:3828: gcc -o conftest -O3   conftest.c  >&5
configure:3832: $? = 0
configure:3839: ./conftest
configure:3843: $? = 0
configure:3858: result: no
configure:3863: checking for suffix of object files
configure:3885: gcc -c -O3  conftest.c >&5
configure:3889: $? = 0
configure:3910: result: o
configure:3914: checking whether we are using the GNU C compiler
configure:3933: gcc -c -O3  conftest.c >&5
configure:3933: $? = 0
configure:3942: result: yes
configure:3951: checking whether gcc accepts -g
configure:3971: gcc -c -g  conftest.c >&5
configure:3971: $? = 0
configure:4012: result: yes
configure:4029: checking for gcc option to accept ISO C89
configure:4092: gcc  -c -O3  conftest.c >&5
configure:4092: $? = 0
configure:4105: result: none needed
configure:4127: checking dependency style of gcc
configure:4217: result: gcc3
configure:4239: checking how to run the C preprocessor
configure:4270: gcc -E  conftest.c
configure:4270: $? = 0
configure:4284: gcc -E  conftest.c
conftest.c:12:28: fatal error: ac_nonexistent.h: No such file or directory
compilation terminated.
configure:4284: $? = 1
configure: failed program was:
| /* confdefs.h */
| #define PACKAGE_NAME "libjpeg-turbo"
| #define PACKAGE_TARNAME "libjpeg-turbo"
| #define PACKAGE_VERSION "1.2.0"
| #define PACKAGE_STRING "libjpeg-turbo 1.2.0"
| #define PACKAGE_BUGREPORT ""
| #define PACKAGE_URL ""
| #define PACKAGE "libjpeg-turbo"
| #define VERSION "1.2.0"
| #define HAVE_PROTOTYPES 1
| /* end confdefs.h.  */
| #include <ac_nonexistent.h>
configure:4309: result: gcc -E
configure:4329: gcc -E  conftest.c
configure:4329: $? = 0
configure:4343: gcc -E  conftest.c
conftest.c:12:28: fatal error: ac_nonexistent.h: No such file or directory
compilation terminated.
configure:4343: $? = 1
configure: failed program was:
| /* confdefs.h */
| #define PACKAGE_NAME "libjpeg-turbo"
| #define PACKAGE_TARNAME "libjpeg-turbo"
| #define PACKAGE_VERSION "1.2.0"
| #define PACKAGE_STRING "libjpeg-turbo 1.2.0"
| #define PACKAGE_BUGREPORT ""
| #define PACKAGE_URL ""
| #define PACKAGE "libjpeg-turbo"
| #define VERSION "1.2.0"
| #define HAVE_PROTOTYPES 1
| /* end confdefs.h.  */
| #include <ac_nonexistent.h>
configure:4419: checking for gcc
configure:4446: result: gcc
configure:4675: checking for C compiler version
configure:4684: gcc --version >&5
gcc (Debian 4.7.2-5) 4.7.2
Copyright (C) 2012 Free Software Foundation, Inc.
This is free software; see the source for copying conditions.  There is NO
warranty; not even for MERCHANTABILITY or FITNESS FOR A PARTICULAR PURPOSE.

configure:4695: $? = 0
configure:4684: gcc -v >&5
Using built-in specs.
COLLECT_GCC=gcc
COLLECT_LTO_WRAPPER=/usr/lib/gcc/x86_64-linux-gnu/4.7/lto-wrapper
Target: x86_64-linux-gnu
Configured with: ../src/configure -v --with-pkgversion='Debian 4.7.2-5' --with-bugurl=file:///usr/share/doc/gcc-4.7/README.Bugs --enable-languages=c,c++,go,fortran,objc,obj-c++ --prefix=/usr --program-suffix=-4.7 --enable-shared --enable-linker-build-id --with-system-zlib --libexecdir=/usr/lib --without-included-gettext --enable-threads=posix --with-gxx-include-dir=/usr/include/c++/4.7 --libdir=/usr/lib --enable-nls --with-sysroot=/ --enable-clocale=gnu --enable-libstdcxx-debug --enable-libstdcxx-time=yes --enable-gnu-unique-object --enable-plugin --enable-objc-gc --with-arch-32=i586 --with-tune=generic --enable-checking=release --build=x86_64-linux-gnu --host=x86_64-linux-gnu --target=x86_64-linux-gnu
Thread model: posix
gcc version 4.7.2 (Debian 4.7.2-5) 
configure:4695: $? = 0
configure:4684: gcc -V >&5
gcc: error: unrecognized command line option '-V'
gcc: fatal error: no input files
compilation terminated.
configure:4695: $? = 4
configure:4684: gcc -qversion >&5
gcc: error: unrecognized command line option '-qversion'
gcc: fatal error: no input files
compilation terminated.
configure:4695: $? = 4
configure:4699: checking whether we are using the GNU C compiler
configure:4727: result: yes
configure:4736: checking whether gcc accepts -g
configure:4797: result: yes
configure:4814: checking for gcc option to accept ISO C89
configure:4890: result: none needed
configure:4912: checking dependency style of gcc
configure:5002: result: gcc3
configure:5103: checking build system type
configure:5117: result: x86_64-unknown-linux-gnu
configure:5137: checking host system type
configure:5150: result: x86_64-unknown-linux-gnu
configure:5170: checking for a sed that does not truncate output
configure:5224: result: /bin/sed
configure:5227: checking for grep that handles long lines and -e
configure:5285: result: /bin/grep
configure:5290: checking for egrep
configure:5352: result: /bin/grep -E
configure:5368: checking for ld used by gcc
configure:5435: result: /usr/bin/ld
configure:5442: checking if the linker (/usr/bin/ld) is GNU ld
configure:5457: result: yes
configure:5462: checking for /usr/bin/ld option to reload object files
configure:5469: result: -r
configure:5478: checking for BSD-compatible nm
configure:5520: result: /usr/bin/nm -B
configure:5524: checking whether ln -s works
configure:5528: result: yes
configure:5535: checking how to recognise dependent libraries
configure:5718: result: pass_all
configure:5803: gcc -c -O3  conftest.c >&5
configure:5806: $? = 0
configure:5900: checking for ANSI C header files
configure:5920: gcc -c -O3  conftest.c >&5
configure:5920: $? = 0
configure:5993: gcc -o conftest -O3   conftest.c  >&5
configure:5993: $? = 0
configure:5993: ./conftest
configure:5993: $? = 0
configure:6004: result: yes
configure:6017: checking for sys/types.h
configure:6017: gcc -c -O3  conftest.c >&5
configure:6017: $? = 0
configure:6017: result: yes
configure:6017: checking for sys/stat.h
configure:6017: gcc -c -O3  conftest.c >&5
configure:6017: $? = 0
configure:6017: result: yes
configure:6017: checking for stdlib.h
configure:6017: gcc -c -O3  conftest.c >&5
configure:6017: $? = 0
configure:6017: result: yes
configure:6017: checking for string.h
configure:6017: gcc -c -O3  conftest.c >&5
configure:6017: $? = 0
configure:6017: result: yes
configure:6017: checking for memory.h
configure:6017: gcc -c -O3  conftest.c >&5
configure:6017: $? = 0
configure:6017: result: yes
configure:6017: checking for strings.h
configure:6017: gcc -c -O3  conftest.c >&5
configure:6017: $? = 0
configure:6017: result: yes
configure:6017: checking for inttypes.h
configure:6017: gcc -c -O3  conftest.c >&5
configure:6017: $? = 0
configure:6017: result: yes
configure:6017: checking for stdint.h
configure:6017: gcc -c -O3  conftest.c >&5
configure:6017: $? = 0
configure:6017: result: yes
configure:6017: checking for unistd.h
configure:6017: gcc -c -O3  conftest.c >&5
configure:6017: $? = 0
configure:6017: result: yes
configure:6031: checking dlfcn.h usability
configure:6031: gcc -c -O3  conftest.c >&5
configure:6031: $? = 0
configure:6031: result: yes
configure:6031: checking dlfcn.h presence
configure:6031: gcc -E  conftest.c
configure:6031: $? = 0
configure:6031: result: yes
configure:6031: checking for dlfcn.h
configure:6031: result: yes
configure:6099: checking for g++
configure:6115: found /usr/bin/g++
configure:6126: result: g++
configure:6153: checking for C++ compiler version
configure:6162: g++ --version >&5
g++ (Debian 4.7.2-5) 4.7.2
Copyright (C) 2012 Free Software Foundation, Inc.
This is free software; see the source for copying conditions.  There is NO
warranty; not even for MERCHANTABILITY or FITNESS FOR A PARTICULAR PURPOSE.

configure:6173: $? = 0
configure:6162: g++ -v >&5
Using built-in specs.
COLLECT_GCC=g++
COLLECT_LTO_WRAPPER=/usr/lib/gcc/x86_64-linux-gnu/4.7/lto-wrapper
Target: x86_64-linux-gnu
Configured with: ../src/configure -v --with-pkgversion='Debian 4.7.2-5' --with-bugurl=file:///usr/share/doc/gcc-4.7/README.Bugs --enable-languages=c,c++,go,fortran,objc,obj-c++ --prefix=/usr --program-suffix=-4.7 --enable-shared --enable-linker-build-id --with-system-zlib --libexecdir=/usr/lib --without-included-gettext --enable-threads=posix --with-gxx-include-dir=/usr/include/c++/4.7 --libdir=/usr/lib --enable-nls --with-sysroot=/ --enable-clocale=gnu --enable-libstdcxx-debug --enable-libstdcxx-time=yes --enable-gnu-unique-object --enable-plugin --enable-objc-gc --with-arch-32=i586 --with-tune=generic --enable-checking=release --build=x86_64-linux-gnu --host=x86_64-linux-gnu --target=x86_64-linux-gnu
Thread model: posix
gcc version 4.7.2 (Debian 4.7.2-5) 
configure:6173: $? = 0
configure:6162: g++ -V >&5
g++: error: unrecognized command line option '-V'
g++: fatal error: no input files
compilation terminated.
configure:6173: $? = 4
configure:6162: g++ -qversion >&5
g++: error: unrecognized command line option '-qversion'
g++: fatal error: no input files
compilation terminated.
configure:6173: $? = 4
configure:6177: checking whether we are using the GNU C++ compiler
configure:6196: g++ -c   conftest.cpp >&5
configure:6196: $? = 0
configure:6205: result: yes
configure:6214: checking whether g++ accepts -g
configure:6234: g++ -c -g  conftest.cpp >&5
configure:6234: $? = 0
configure:6275: result: yes
configure:6300: checking dependency style of g++
configure:6390: result: gcc3
configure:6412: checking how to run the C++ preprocessor
configure:6439: g++ -E  conftest.cpp
configure:6439: $? = 0
configure:6453: g++ -E  conftest.cpp
conftest.cpp:23:28: fatal error: ac_nonexistent.h: No such file or directory
compilation terminated.
configure:6453: $? = 1
configure: failed program was:
| /* confdefs.h */
| #define PACKAGE_NAME "libjpeg-turbo"
| #define PACKAGE_TARNAME "libjpeg-turbo"
| #define PACKAGE_VERSION "1.2.0"
| #define PACKAGE_STRING "libjpeg-turbo 1.2.0"
| #define PACKAGE_BUGREPORT ""
| #define PACKAGE_URL ""
| #define PACKAGE "libjpeg-turbo"
| #define VERSION "1.2.0"
| #define HAVE_PROTOTYPES 1
| #define STDC_HEADERS 1
| #define HAVE_SYS_TYPES_H 1
| #define HAVE_SYS_STAT_H 1
| #define HAVE_STDLIB_H 1
| #define HAVE_STRING_H 1
| #define HAVE_MEMORY_H 1
| #define HAVE_STRINGS_H 1
| #define HAVE_INTTYPES_H 1
| #define HAVE_STDINT_H 1
| #define HAVE_UNISTD_H 1
| #define HAVE_DLFCN_H 1
| /* end confdefs.h.  */
| #include <ac_nonexistent.h>
configure:6478: result: g++ -E
configure:6498: g++ -E  conftest.cpp
configure:6498: $? = 0
configure:6512: g++ -E  conftest.cpp
conftest.cpp:23:28: fatal error: ac_nonexistent.h: No such file or directory
compilation terminated.
configure:6512: $? = 1
configure: failed program was:
| /* confdefs.h */
| #define PACKAGE_NAME "libjpeg-turbo"
| #define PACKAGE_TARNAME "libjpeg-turbo"
| #define PACKAGE_VERSION "1.2.0"
| #define PACKAGE_STRING "libjpeg-turbo 1.2.0"
| #define PACKAGE_BUGREPORT ""
| #define PACKAGE_URL ""
| #define PACKAGE "libjpeg-turbo"
| #define VERSION "1.2.0"
| #define HAVE_PROTOTYPES 1
| #define STDC_HEADERS 1
| #define HAVE_SYS_TYPES_H 1
| #define HAVE_SYS_STAT_H 1
| #define HAVE_STDLIB_H 1
| #define HAVE_STRING_H 1
| #define HAVE_MEMORY_H 1
| #define HAVE_STRINGS_H 1
| #define HAVE_INTTYPES_H 1
| #define HAVE_STDINT_H 1
| #define HAVE_UNISTD_H 1
| #define HAVE_DLFCN_H 1
| /* end confdefs.h.  */
| #include <ac_nonexistent.h>
configure:6594: checking for g77
configure:6624: result: no
configure:6594: checking for xlf
configure:6624: result: no
configure:6594: checking for f77
configure:6624: result: no
configure:6594: checking for frt
configure:6624: result: no
configure:6594: checking for pgf77
configure:6624: result: no
configure:6594: checking for cf77
configure:6624: result: no
configure:6594: checking for fort77
configure:6624: result: no
configure:6594: checking for fl32
configure:6624: result: no
configure:6594: checking for af77
configure:6624: result: no
configure:6594: checking for xlf90
configure:6624: result: no
configure:6594: checking for f90
configure:6624: result: no
configure:6594: checking for pgf90
configure:6624: result: no
configure:6594: checking for pghpf
configure:6624: result: no
configure:6594: checking for epcf90
configure:6624: result: no
configure:6594: checking for gfortran
configure:6624: result: no
configure:6594: checking for g95
configure:6624: result: no
configure:6594: checking for xlf95
configure:6624: result: no
configure:6594: checking for f95
configure:6624: result: no
configure:6594: checking for fort
configure:6624: result: no
configure:6594: checking for ifort
configure:6624: result: no
configure:6594: checking for ifc
configure:6624: result: no
configure:6594: checking for efc
configure:6624: result: no
configure:6594: checking for pgfortran
configure:6624: result: no
configure:6594: checking for pgf95
configure:6624: result: no
configure:6594: checking for lf95
configure:6624: result: no
configure:6594: checking for ftn
configure:6624: result: no
configure:6594: checking for nagfor
configure:6624: result: no
configure:6647: checking for Fortran 77 compiler version
configure:6656:  --version >&5
/rok4-tobuild/lib/libjpeg/libjpeg-turbo-1.2.0/configure: line 6658: --version: command not found
configure:6667: $? = 127
configure:6656:  -v >&5
/rok4-tobuild/lib/libjpeg/libjpeg-turbo-1.2.0/configure: line 6658: -v: command not found
configure:6667: $? = 127
configure:6656:  -V >&5
/rok4-tobuild/lib/libjpeg/libjpeg-turbo-1.2.0/configure: line 6658: -V: command not found
configure:6667: $? = 127
configure:6656:  -qversion >&5
/rok4-tobuild/lib/libjpeg/libjpeg-turbo-1.2.0/configure: line 6658: -qversion: command not found
configure:6667: $? = 127
configure:6676: checking whether we are using the GNU Fortran 77 compiler
configure:6689:  -c  conftest.F >&5
/rok4-tobuild/lib/libjpeg/libjpeg-turbo-1.2.0/configure: line 2278: -c: command not found
configure:6689: $? = 127
configure: failed program was:
|       program main
| #ifndef __GNUC__
|        choke me
| #endif
| 
|       end
configure:6698: result: no
configure:6704: checking whether  accepts -g
configure:6715:  -c -g conftest.f >&5
/rok4-tobuild/lib/libjpeg/libjpeg-turbo-1.2.0/configure: line 2278: -c: command not found
configure:6715: $? = 127
configure: failed program was:
|       program main
| 
|       end
configure:6723: result: no
configure:6757: checking the maximum length of command line arguments
configure:6822: result: 32768
configure:6833: checking command to parse /usr/bin/nm -B output from gcc object
configure:6922: gcc -c -O3  conftest.c >&5
configure:6925: $? = 0
configure:6929: /usr/bin/nm -B conftest.o \| sed -n -e 's/^.*[ 	]\([ABCDGIRSTW][ABCDGIRSTW]*\)[ 	][ 	]*\(\)\([_A-Za-z][_A-Za-z0-9]*\)$/\1 \2\3 \3/p' \> conftest.nm
configure:6932: $? = 0
configure:6984: gcc -o conftest -O3   conftest.c conftstm.o >&5
configure:6987: $? = 0
configure:7025: result: ok
configure:7029: checking for objdir
configure:7044: result: .libs
configure:7136: checking for ar
configure:7152: found /usr/bin/ar
configure:7163: result: ar
configure:7228: checking for ranlib
configure:7244: found /usr/bin/ranlib
configure:7255: result: ranlib
configure:7320: checking for strip
configure:7336: found /usr/bin/strip
configure:7347: result: strip
configure:7619: checking if gcc static flag  works
configure:7642: result: yes
configure:7660: checking if gcc supports -fno-rtti -fno-exceptions
configure:7678: gcc -c -O3  -fno-rtti -fno-exceptions conftest.c >&5
cc1: warning: command line option '-fno-rtti' is valid for C++/ObjC++ but not for C [enabled by default]
configure:7682: $? = 0
configure:7693: result: no
configure:7708: checking for gcc option to produce PIC
configure:7885: result: -fPIC
configure:7893: checking if gcc PIC flag -fPIC works
configure:7911: gcc -c -O3  -fPIC -DPIC conftest.c >&5
configure:7915: $? = 0
configure:7926: result: yes
configure:7950: checking if gcc supports -c -o file.o
configure:7971: gcc -c -O3  -o out/conftest2.o conftest.c >&5
configure:7975: $? = 0
configure:7995: result: yes
configure:8021: checking whether the gcc linker (/usr/bin/ld) supports shared libraries
configure:8811: result: yes
configure:8882: checking dynamic linker characteristics
configure:9248: gcc -c -O3  conftest.c >&5
configure:9251: $? = 0
configure:9443: result: GNU/Linux ld.so
configure:9447: checking how to hardcode library paths into programs
configure:9472: result: immediate
configure:9486: checking whether stripping libraries is possible
configure:9491: result: yes
configure:10003: checking if libtool supports shared libraries
configure:10005: result: yes
configure:10008: checking whether to build shared libraries
configure:10066: result: no
configure:10069: checking whether to build static libraries
configure:10073: result: yes
configure:10165: creating libtool
configure:10708: checking for ld used by g++
configure:10775: result: /usr/bin/ld
configure:10782: checking if the linker (/usr/bin/ld) is GNU ld
configure:10797: result: yes
configure:10848: checking whether the g++ linker (/usr/bin/ld) supports shared libraries
configure:11618: result: yes
configure:11636: g++ -c -g -O2  conftest.cc >&5
configure:11639: $? = 0
configure:11735: checking for g++ option to produce PIC
configure:11987: result: -fPIC
configure:11995: checking if g++ PIC flag -fPIC works
configure:12013: g++ -c -g -O2  -fPIC -DPIC conftest.cc >&5
configure:12017: $? = 0
configure:12028: result: yes
configure:12052: checking if g++ supports -c -o file.o
configure:12073: g++ -c -g -O2  -o out/conftest2.o conftest.cc >&5
configure:12077: $? = 0
configure:12097: result: yes
configure:12123: checking whether the g++ linker (/usr/bin/ld) supports shared libraries
configure:12148: result: yes
configure:12219: checking dynamic linker characteristics
configure:12585: g++ -c -g -O2  conftest.cc >&5
configure:12588: $? = 0
configure:12780: result: GNU/Linux ld.so
configure:12784: checking how to hardcode library paths into programs
configure:12809: result: immediate
configure:12823: checking whether stripping libraries is possible
configure:12828: result: yes
configure:19355: checking whether ln -s works
configure:19359: result: yes
configure:19368: checking whether compiler supports pointers to undefined structures
configure:19381: gcc -c -O3  conftest.c >&5
configure:19381: $? = 0
configure:19382: result: yes
configure:19402: checking whether __SUNPRO_C is declared
configure:19402: gcc -c -O3 -Wall conftest.c >&5
conftest.c: In function 'main':
conftest.c:63:10: error: '__SUNPRO_C' undeclared (first use in this function)
conftest.c:63:10: note: each undeclared identifier is reported only once for each function it appears in
configure:19402: $? = 1
configure: failed program was:
| /* confdefs.h */
| #define PACKAGE_NAME "libjpeg-turbo"
| #define PACKAGE_TARNAME "libjpeg-turbo"
| #define PACKAGE_VERSION "1.2.0"
| #define PACKAGE_STRING "libjpeg-turbo 1.2.0"
| #define PACKAGE_BUGREPORT ""
| #define PACKAGE_URL ""
| #define PACKAGE "libjpeg-turbo"
| #define VERSION "1.2.0"
| #define HAVE_PROTOTYPES 1
| #define STDC_HEADERS 1
| #define HAVE_SYS_TYPES_H 1
| #define HAVE_SYS_STAT_H 1
| #define HAVE_STDLIB_H 1
| #define HAVE_STRING_H 1
| #define HAVE_MEMORY_H 1
| #define HAVE_STRINGS_H 1
| #define HAVE_INTTYPES_H 1
| #define HAVE_STDINT_H 1
| #define HAVE_UNISTD_H 1
| #define HAVE_DLFCN_H 1
| /* end confdefs.h.  */
| #include <stdio.h>
| #ifdef HAVE_SYS_TYPES_H
| # include <sys/types.h>
| #endif
| #ifdef HAVE_SYS_STAT_H
| # include <sys/stat.h>
| #endif
| #ifdef STDC_HEADERS
| # include <stdlib.h>
| # include <stddef.h>
| #else
| # ifdef HAVE_STDLIB_H
| #  include <stdlib.h>
| # endif
| #endif
| #ifdef HAVE_STRING_H
| # if !defined STDC_HEADERS && defined HAVE_MEMORY_H
| #  include <memory.h>
| # endif
| # include <string.h>
| #endif
| #ifdef HAVE_STRINGS_H
| # include <strings.h>
| #endif
| #ifdef HAVE_INTTYPES_H
| # include <inttypes.h>
| #endif
| #ifdef HAVE_STDINT_H
| # include <stdint.h>
| #endif
| #ifdef HAVE_UNISTD_H
| # include <unistd.h>
| #endif
| int
| main ()
| {
| #ifndef __SUNPRO_C
| #ifdef __cplusplus
|   (void) __SUNPRO_C;
| #else
|   (void) __SUNPRO_C;
| #endif
| #endif
| 
|   ;
|   return 0;
| }
configure:19402: result: no
configure:19418: checking for ANSI C header files
configure:19522: result: yes
configure:19533: checking stddef.h usability
configure:19533: gcc -c -O3 -Wall conftest.c >&5
configure:19533: $? = 0
configure:19533: result: yes
configure:19533: checking stddef.h presence
configure:19533: gcc -E -Wall conftest.c
configure:19533: $? = 0
configure:19533: result: yes
configure:19533: checking for stddef.h
configure:19533: result: yes
configure:19533: checking for stdlib.h
configure:19533: result: yes
configure:19533: checking for string.h
configure:19533: result: yes
configure:19543: checking for sys/types.h
configure:19543: result: yes
configure:19553: checking for an ANSI C-conforming const
configure:19619: gcc -c -O3 -Wall conftest.c >&5
configure:19619: $? = 0
configure:19626: result: yes
configure:19634: checking whether char is unsigned
configure:19653: gcc -c -O3 -Wall conftest.c >&5
configure:19653: $? = 0
configure:19660: result: no
configure:19667: checking for inline
configure:19683: gcc -c -O3 -Wall conftest.c >&5
configure:19683: $? = 0
configure:19691: result: inline
configure:19709: checking for size_t
configure:19709: gcc -c -O3 -Wall conftest.c >&5
configure:19709: $? = 0
configure:19709: gcc -c -O3 -Wall conftest.c >&5
conftest.c: In function 'main':
conftest.c:64:21: error: expected expression before ')' token
configure:19709: $? = 1
configure: failed program was:
| /* confdefs.h */
| #define PACKAGE_NAME "libjpeg-turbo"
| #define PACKAGE_TARNAME "libjpeg-turbo"
| #define PACKAGE_VERSION "1.2.0"
| #define PACKAGE_STRING "libjpeg-turbo 1.2.0"
| #define PACKAGE_BUGREPORT ""
| #define PACKAGE_URL ""
| #define PACKAGE "libjpeg-turbo"
| #define VERSION "1.2.0"
| #define HAVE_PROTOTYPES 1
| #define STDC_HEADERS 1
| #define HAVE_SYS_TYPES_H 1
| #define HAVE_SYS_STAT_H 1
| #define HAVE_STDLIB_H 1
| #define HAVE_STRING_H 1
| #define HAVE_MEMORY_H 1
| #define HAVE_STRINGS_H 1
| #define HAVE_INTTYPES_H 1
| #define HAVE_STDINT_H 1
| #define HAVE_UNISTD_H 1
| #define HAVE_DLFCN_H 1
| #define STDC_HEADERS 1
| #define HAVE_STDDEF_H 1
| #define HAVE_STDLIB_H 1
| #define HAVE_STRING_H 1
| #define NEED_SYS_TYPES_H 1
| /* end confdefs.h.  */
| #include <stdio.h>
| #ifdef HAVE_SYS_TYPES_H
| # include <sys/types.h>
| #endif
| #ifdef HAVE_SYS_STAT_H
| # include <sys/stat.h>
| #endif
| #ifdef STDC_HEADERS
| # include <stdlib.h>
| # include <stddef.h>
| #else
| # ifdef HAVE_STDLIB_H
| #  include <stdlib.h>
| # endif
| #endif
| #ifdef HAVE_STRING_H
| # if !defined STDC_HEADERS && defined HAVE_MEMORY_H
| #  include <memory.h>
| # endif
| # include <string.h>
| #endif
| #ifdef HAVE_STRINGS_H
| # include <strings.h>
| #endif
| #ifdef HAVE_INTTYPES_H
| # include <inttypes.h>
| #endif
| #ifdef HAVE_STDINT_H
| # include <stdint.h>
| #endif
| #ifdef HAVE_UNISTD_H
| # include <unistd.h>
| #endif
| int
| main ()
| {
| if (sizeof ((size_t)))
| 	    return 0;
|   ;
|   return 0;
| }
configure:19709: result: yes
configure:19720: checking for unsigned char
configure:19720: gcc -c -O3 -Wall conftest.c >&5
configure:19720: $? = 0
configure:19720: gcc -c -O3 -Wall conftest.c >&5
conftest.c: In function 'main':
conftest.c:64:28: error: expected expression before ')' token
configure:19720: $? = 1
configure: failed program was:
| /* confdefs.h */
| #define PACKAGE_NAME "libjpeg-turbo"
| #define PACKAGE_TARNAME "libjpeg-turbo"
| #define PACKAGE_VERSION "1.2.0"
| #define PACKAGE_STRING "libjpeg-turbo 1.2.0"
| #define PACKAGE_BUGREPORT ""
| #define PACKAGE_URL ""
| #define PACKAGE "libjpeg-turbo"
| #define VERSION "1.2.0"
| #define HAVE_PROTOTYPES 1
| #define STDC_HEADERS 1
| #define HAVE_SYS_TYPES_H 1
| #define HAVE_SYS_STAT_H 1
| #define HAVE_STDLIB_H 1
| #define HAVE_STRING_H 1
| #define HAVE_MEMORY_H 1
| #define HAVE_STRINGS_H 1
| #define HAVE_INTTYPES_H 1
| #define HAVE_STDINT_H 1
| #define HAVE_UNISTD_H 1
| #define HAVE_DLFCN_H 1
| #define STDC_HEADERS 1
| #define HAVE_STDDEF_H 1
| #define HAVE_STDLIB_H 1
| #define HAVE_STRING_H 1
| #define NEED_SYS_TYPES_H 1
| /* end confdefs.h.  */
| #include <stdio.h>
| #ifdef HAVE_SYS_TYPES_H
| # include <sys/types.h>
| #endif
| #ifdef HAVE_SYS_STAT_H
| # include <sys/stat.h>
| #endif
| #ifdef STDC_HEADERS
| # include <stdlib.h>
| # include <stddef.h>
| #else
| # ifdef HAVE_STDLIB_H
| #  include <stdlib.h>
| # endif
| #endif
| #ifdef HAVE_STRING_H
| # if !defined STDC_HEADERS && defined HAVE_MEMORY_H
| #  include <memory.h>
| # endif
| # include <string.h>
| #endif
| #ifdef HAVE_STRINGS_H
| # include <strings.h>
| #endif
| #ifdef HAVE_INTTYPES_H
| # include <inttypes.h>
| #endif
| #ifdef HAVE_STDINT_H
| # include <stdint.h>
| #endif
| #ifdef HAVE_UNISTD_H
| # include <unistd.h>
| #endif
| int
| main ()
| {
| if (sizeof ((unsigned char)))
| 	    return 0;
|   ;
|   return 0;
| }
configure:19720: result: yes
configure:19729: checking for unsigned short
configure:19729: gcc -c -O3 -Wall conftest.c >&5
configure:19729: $? = 0
configure:19729: gcc -c -O3 -Wall conftest.c >&5
conftest.c: In function 'main':
conftest.c:65:29: error: expected expression before ')' token
configure:19729: $? = 1
configure: failed program was:
| /* confdefs.h */
| #define PACKAGE_NAME "libjpeg-turbo"
| #define PACKAGE_TARNAME "libjpeg-turbo"
| #define PACKAGE_VERSION "1.2.0"
| #define PACKAGE_STRING "libjpeg-turbo 1.2.0"
| #define PACKAGE_BUGREPORT ""
| #define PACKAGE_URL ""
| #define PACKAGE "libjpeg-turbo"
| #define VERSION "1.2.0"
| #define HAVE_PROTOTYPES 1
| #define STDC_HEADERS 1
| #define HAVE_SYS_TYPES_H 1
| #define HAVE_SYS_STAT_H 1
| #define HAVE_STDLIB_H 1
| #define HAVE_STRING_H 1
| #define HAVE_MEMORY_H 1
| #define HAVE_STRINGS_H 1
| #define HAVE_INTTYPES_H 1
| #define HAVE_STDINT_H 1
| #define HAVE_UNISTD_H 1
| #define HAVE_DLFCN_H 1
| #define STDC_HEADERS 1
| #define HAVE_STDDEF_H 1
| #define HAVE_STDLIB_H 1
| #define HAVE_STRING_H 1
| #define NEED_SYS_TYPES_H 1
| #define HAVE_UNSIGNED_CHAR 1
| /* end confdefs.h.  */
| #include <stdio.h>
| #ifdef HAVE_SYS_TYPES_H
| # include <sys/types.h>
| #endif
| #ifdef HAVE_SYS_STAT_H
| # include <sys/stat.h>
| #endif
| #ifdef STDC_HEADERS
| # include <stdlib.h>
| # include <stddef.h>
| #else
| # ifdef HAVE_STDLIB_H
| #  include <stdlib.h>
| # endif
| #endif
| #ifdef HAVE_STRING_H
| # if !defined STDC_HEADERS && defined HAVE_MEMORY_H
| #  include <memory.h>
| # endif
| # include <string.h>
| #endif
| #ifdef HAVE_STRINGS_H
| # include <strings.h>
| #endif
| #ifdef HAVE_INTTYPES_H
| # include <inttypes.h>
| #endif
| #ifdef HAVE_STDINT_H
| # include <stdint.h>
| #endif
| #ifdef HAVE_UNISTD_H
| # include <unistd.h>
| #endif
| int
| main ()
| {
| if (sizeof ((unsigned short)))
| 	    return 0;
|   ;
|   return 0;
| }
configure:19729: result: yes
configure:19740: checking if right shift is signed
configure:19769: gcc -o conftest -O3 -Wall  conftest.c  >&5
conftest.c: In function 'main':
conftest.c:48:3: warning: implicit declaration of function 'exit' [-Wimplicit-function-declaration]
conftest.c:48:3: warning: incompatible implicit declaration of built-in function 'exit' [enabled by default]
configure:19769: $? = 0
configure:19769: ./conftest
configure:19769: $? = 1
configure: program exited with status 1
configure: failed program was:
| /* confdefs.h */
| #define PACKAGE_NAME "libjpeg-turbo"
| #define PACKAGE_TARNAME "libjpeg-turbo"
| #define PACKAGE_VERSION "1.2.0"
| #define PACKAGE_STRING "libjpeg-turbo 1.2.0"
| #define PACKAGE_BUGREPORT ""
| #define PACKAGE_URL ""
| #define PACKAGE "libjpeg-turbo"
| #define VERSION "1.2.0"
| #define HAVE_PROTOTYPES 1
| #define STDC_HEADERS 1
| #define HAVE_SYS_TYPES_H 1
| #define HAVE_SYS_STAT_H 1
| #define HAVE_STDLIB_H 1
| #define HAVE_STRING_H 1
| #define HAVE_MEMORY_H 1
| #define HAVE_STRINGS_H 1
| #define HAVE_INTTYPES_H 1
| #define HAVE_STDINT_H 1
| #define HAVE_UNISTD_H 1
| #define HAVE_DLFCN_H 1
| #define STDC_HEADERS 1
| #define HAVE_STDDEF_H 1
| #define HAVE_STDLIB_H 1
| #define HAVE_STRING_H 1
| #define NEED_SYS_TYPES_H 1
| #define HAVE_UNSIGNED_CHAR 1
| #define HAVE_UNSIGNED_SHORT 1
| /* end confdefs.h.  */
| #include <stdio.h>
| 	 int is_shifting_signed (long arg) {
| 	 long res = arg >> 4;
| 
| 	 if (res == -0x7F7E80CL)
| 		return 1; /* right shift is signed */
| 
| 	 /* see if unsigned-shift hack will fix it. */
| 	 /* we can't just test exact value since it depends on width of long... */
| 	 res |= (~0L) << (32-4);
| 	 if (res == -0x7F7E80CL)
| 		return 0; /* right shift is unsigned */
| 
| 	 printf("Right shift isn't acting as I expect it to.\n");
| 	 printf("I fear the JPEG software will not work at all.\n\n");
| 	 return 0; /* try it with unsigned anyway */
| 	 }
| 	 int main (void) {
| 		exit(is_shifting_signed(-0x7F7E80B1L));
| 	 }
configure:19776: result: yes
configure:19785: checking for short external names
configure:19799: gcc -o conftest -O3 -Wall  conftest.c  >&5
configure:19799: $? = 0
configure:19800: result: ok
configure:19816: checking for memset
configure:19816: gcc -o conftest -O3 -Wall  conftest.c  >&5
conftest.c:53:6: warning: conflicting types for built-in function 'memset' [enabled by default]
configure:19816: $? = 0
configure:19816: result: yes
configure:19816: checking for memcpy
configure:19816: gcc -o conftest -O3 -Wall  conftest.c  >&5
conftest.c:54:6: warning: conflicting types for built-in function 'memcpy' [enabled by default]
configure:19816: $? = 0
configure:19816: result: yes
configure:19830: checking libjpeg API version
configure:19858: result: 6.2
configure:19866: checking libjpeg shared library version
configure:19882: result: 62:0
configure:19900: checking whether the linker supports version scripts
configure:19920: gcc -o conftest -O3 -Wall  -Wl,--version-script,conftest.map conftest.c  >&5
configure:19920: $? = 0
configure:19921: result: yes (GNU style)
configure:19953: checking whether to use version script when building libjpeg-turbo
configure:19955: result: yes
configure:19971: checking for inline
configure:19986: gcc -c -O3 -Wall conftest.c >&5
conftest.c:38:38: warning: always_inline function might not be inlinable [-Wattributes]
conftest.c: In function 'main':
conftest.c:38:1: warning: control reaches end of non-void function [-Wreturn-type]
configure:19986: $? = 0
configure:20041: result: __attribute__((always_inline))
configure:20049: checking whether to include arithmetic encoding support
configure:20064: result: yes
configure:20078: checking whether to include arithmetic decoding support
configure:20093: result: yes
configure:20137: checking whether to build TurboJPEG/OSS Java wrapper
configure:20191: result: no
configure:20237: checking if we have SIMD optimisations for cpu type
configure:20241: result: yes (x86_64)
configure:20249: checking for nasm
configure:20265: found /usr/bin/nasm
configure:20276: result: nasm
configure:20289: checking for object file format of host system
configure:20363: result: ELF64
configure:20371: checking for object file format specifier (NAFLAGS) 
configure:20386: result: -felf64 -DELF -D__x86_64__
configure:20390: checking whether the assembler (nasm -felf64 -DELF -D__x86_64__) works
configure:20401: nasm -felf64 -DELF -D__x86_64__ -o conftest.o conftest.asm
configure:20404: $? = 0
configure:20406: result: yes
configure:20417: checking whether the linker accepts assembler output
configure:20420: gcc -o conftest  conftest.o  1>&5
configure:20423: $? = 0
configure:20426: result: yes
configure:21011: creating ./config.status

## ---------------------- ##
## Running config.status. ##
## ---------------------- ##

This file was extended by libjpeg-turbo config.status 1.2.0, which was
generated by GNU Autoconf 2.69.  Invocation command line was

  CONFIG_FILES    = 
  CONFIG_HEADERS  = 
  CONFIG_LINKS    = 
  CONFIG_COMMANDS = 
  $ ./config.status 

on 358d2400f61e

config.status:941: creating pkgscripts/libjpeg-turbo.spec
config.status:941: creating pkgscripts/makecygwinpkg
config.status:941: creating pkgscripts/makedpkg
config.status:941: creating pkgscripts/makemacpkg
config.status:941: creating pkgscripts/Description.plist
config.status:941: creating pkgscripts/Info.plist
config.status:941: creating pkgscripts/uninstall
config.status:941: creating pkgscripts/makesunpkg
config.status:941: creating pkgscripts/pkginfo
config.status:941: creating tjbenchtest
config.status:941: creating tjexampletest
config.status:941: creating libjpeg.map
config.status:941: creating Makefile
config.status:1044: WARNING:  '/rok4-tobuild/lib/libjpeg/libjpeg-turbo-1.2.0/Makefile.in' seems to ignore the --datarootdir setting
config.status:941: creating simd/Makefile
config.status:1044: WARNING:  '/rok4-tobuild/lib/libjpeg/libjpeg-turbo-1.2.0/simd/Makefile.in' seems to ignore the --datarootdir setting
config.status:941: creating java/Makefile
config.status:1044: WARNING:  '/rok4-tobuild/lib/libjpeg/libjpeg-turbo-1.2.0/java/Makefile.in' seems to ignore the --datarootdir setting
config.status:941: creating config.h
config.status:941: creating jconfig.h
config.status:1148: executing depfiles commands

## ---------------- ##
## Cache variables. ##
## ---------------- ##

ac_cv_build=x86_64-unknown-linux-gnu
ac_cv_c_char_unsigned=no
ac_cv_c_compiler_gnu=yes
ac_cv_c_const=yes
ac_cv_c_inline=inline
ac_cv_cxx_compiler_gnu=yes
ac_cv_env_CCASFLAGS_set=
ac_cv_env_CCASFLAGS_value=
ac_cv_env_CCAS_set=
ac_cv_env_CCAS_value=
ac_cv_env_CCC_set=
ac_cv_env_CCC_value=
ac_cv_env_CC_set=
ac_cv_env_CC_value=
ac_cv_env_CFLAGS_set=set
ac_cv_env_CFLAGS_value=-O3
ac_cv_env_CPPFLAGS_set=
ac_cv_env_CPPFLAGS_value=
ac_cv_env_CPP_set=
ac_cv_env_CPP_value=
ac_cv_env_CXXCPP_set=
ac_cv_env_CXXCPP_value=
ac_cv_env_CXXFLAGS_set=
ac_cv_env_CXXFLAGS_value=
ac_cv_env_CXX_set=
ac_cv_env_CXX_value=
ac_cv_env_F77_set=
ac_cv_env_F77_value=
ac_cv_env_FFLAGS_set=
ac_cv_env_FFLAGS_value=
ac_cv_env_JAR_set=
ac_cv_env_JAR_value=
ac_cv_env_JAVACFLAGS_set=
ac_cv_env_JAVACFLAGS_value=
ac_cv_env_JAVAC_set=
ac_cv_env_JAVAC_value=
ac_cv_env_JAVA_set=
ac_cv_env_JAVA_value=
ac_cv_env_JNI_CFLAGS_set=
ac_cv_env_JNI_CFLAGS_value=
ac_cv_env_JPEG_LIB_VERSION_set=
ac_cv_env_JPEG_LIB_VERSION_value=
ac_cv_env_LDFLAGS_set=
ac_cv_env_LDFLAGS_value=
ac_cv_env_LIBS_set=
ac_cv_env_LIBS_value=
ac_cv_env_SO_MAJOR_VERSION_set=
ac_cv_env_SO_MAJOR_VERSION_value=
ac_cv_env_SO_MINOR_VERSION_set=
ac_cv_env_SO_MINOR_VERSION_value=
ac_cv_env_build_alias_set=
ac_cv_env_build_alias_value=
ac_cv_env_host_alias_set=
ac_cv_env_host_alias_value=
ac_cv_env_target_alias_set=
ac_cv_env_target_alias_value=
ac_cv_f77_compiler_gnu=no
ac_cv_func_memcpy=yes
ac_cv_func_memset=yes
ac_cv_have_decl___SUNPRO_C=no
ac_cv_header_dlfcn_h=yes
ac_cv_header_inttypes_h=yes
ac_cv_header_memory_h=yes
ac_cv_header_stdc=yes
ac_cv_header_stddef_h=yes
ac_cv_header_stdint_h=yes
ac_cv_header_stdlib_h=yes
ac_cv_header_string_h=yes
ac_cv_header_strings_h=yes
ac_cv_header_sys_stat_h=yes
ac_cv_header_sys_types_h=yes
ac_cv_header_unistd_h=yes
ac_cv_host=x86_64-unknown-linux-gnu
ac_cv_objext=o
ac_cv_path_EGREP='/bin/grep -E'
ac_cv_path_GREP=/bin/grep
ac_cv_path_install='/usr/bin/install -c'
ac_cv_prog_AWK=mawk
ac_cv_prog_CPP='gcc -E'
ac_cv_prog_CXXCPP='g++ -E'
ac_cv_prog_NASM=nasm
ac_cv_prog_ac_ct_AR=ar
ac_cv_prog_ac_ct_CC=gcc
ac_cv_prog_ac_ct_CXX=g++
ac_cv_prog_ac_ct_RANLIB=ranlib
ac_cv_prog_ac_ct_STRIP=strip
ac_cv_prog_cc_c89=
ac_cv_prog_cc_g=yes
ac_cv_prog_cxx_g=yes
ac_cv_prog_f77_g=no
ac_cv_prog_make_make_set=yes
ac_cv_type_size_t=yes
ac_cv_type_unsigned_char=yes
ac_cv_type_unsigned_short=yes
am_cv_CC_dependencies_compiler_type=gcc3
am_cv_CXX_dependencies_compiler_type=gcc3
ljt_cv_inline='__attribute__((always_inline))'
lt_cv_deplibs_check_method=pass_all
lt_cv_file_magic_cmd='$MAGIC_CMD'
lt_cv_file_magic_test_file='/lib/libc.so* /lib/libc-*.so'
lt_cv_ld_reload_flag=-r
lt_cv_objdir=.libs
lt_cv_path_LD=/usr/bin/ld
lt_cv_path_LDCXX=/usr/bin/ld
lt_cv_path_NM='/usr/bin/nm -B'
lt_cv_path_SED=/bin/sed
lt_cv_prog_compiler_c_o=yes
lt_cv_prog_compiler_c_o_CXX=yes
lt_cv_prog_compiler_rtti_exceptions=no
lt_cv_prog_gnu_ld=yes
lt_cv_prog_gnu_ldcxx=yes
lt_cv_sys_global_symbol_pipe='sed -n -e '\''s/^.*[ 	]\([ABCDGIRSTW][ABCDGIRSTW]*\)[ 	][ 	]*\(\)\([_A-Za-z][_A-Za-z0-9]*\)$/\1 \2\3 \3/p'\'''
lt_cv_sys_global_symbol_to_c_name_address='sed -n -e '\''s/^: \([^ ]*\) $/  {\"\1\", (lt_ptr) 0},/p'\'' -e '\''s/^[BCDEGRST] \([^ ]*\) \([^ ]*\)$/  {"\2", (lt_ptr) \&\2},/p'\'''
lt_cv_sys_global_symbol_to_cdecl='sed -n -e '\''s/^. .* \(.*\)$/extern int \1;/p'\'''
lt_cv_sys_max_cmd_len=32768
lt_lt_cv_prog_compiler_c_o='"yes"'
lt_lt_cv_prog_compiler_c_o_CXX='"yes"'
lt_lt_cv_sys_global_symbol_pipe='"sed -n -e '\''s/^.*[ 	]\\([ABCDGIRSTW][ABCDGIRSTW]*\\)[ 	][ 	]*\\(\\)\\([_A-Za-z][_A-Za-z0-9]*\\)\$/\\1 \\2\\3 \\3/p'\''"'
lt_lt_cv_sys_global_symbol_to_c_name_address='"sed -n -e '\''s/^: \\([^ ]*\\) \$/  {\\\"\\1\\\", (lt_ptr) 0},/p'\'' -e '\''s/^[BCDEGRST] \\([^ ]*\\) \\([^ ]*\\)\$/  {\"\\2\", (lt_ptr) \\&\\2},/p'\''"'
lt_lt_cv_sys_global_symbol_to_cdecl='"sed -n -e '\''s/^. .* \\(.*\\)\$/extern int \\1;/p'\''"'

## ----------------- ##
## Output variables. ##
## ----------------- ##

ACLOCAL='${SHELL} /rok4-tobuild/lib/libjpeg/libjpeg-turbo-1.2.0/missing --run aclocal-1.9'
AMDEPBACKSLASH='\'
AMDEP_FALSE='#'
AMDEP_TRUE=''
AMTAR='${SHELL} /rok4-tobuild/lib/libjpeg/libjpeg-turbo-1.2.0/missing --run tar'
AR='ar'
AUTOCONF='${SHELL} /rok4-tobuild/lib/libjpeg/libjpeg-turbo-1.2.0/missing --run autoconf'
AUTOHEADER='${SHELL} /rok4-tobuild/lib/libjpeg/libjpeg-turbo-1.2.0/missing --run autoheader'
AUTOMAKE='${SHELL} /rok4-tobuild/lib/libjpeg/libjpeg-turbo-1.2.0/missing --run automake-1.9'
AWK='mawk'
BUILD='20150222'
CC='gcc'
CCAS='gcc'
CCASFLAGS='-O3'
CCDEPMODE='depmode=gcc3'
CFLAGS='-O3'
CPP='gcc -E'
CPPFLAGS='-Wall'
CXX='g++'
CXXCPP='g++ -E'
CXXDEPMODE='depmode=gcc3'
CXXFLAGS='-g -O2'
CYGPATH_W='echo'
DEBARCH='amd64'
DEFS='-DHAVE_CONFIG_H'
DEPDIR='.deps'
ECHO='echo'
ECHO_C=''
ECHO_N='-n'
ECHO_T=''
EGREP='/bin/grep -E'
EXEEXT=''
F77=''
FFLAGS=''
GREP='/bin/grep'
INSTALL_DATA='${INSTALL} -m 644'
INSTALL_PROGRAM='${INSTALL}'
INSTALL_SCRIPT='${INSTALL}'
INSTALL_STRIP_PROGRAM='${SHELL} $(install_sh) -c -s'
JAR='jar'
JAVA='java'
JAVAC='javac'
JAVACFLAGS=''
JAVA_RPM_CONTENTS_1=''
JAVA_RPM_CONTENTS_2=''
JNI_CFLAGS=''
JPEG_LIB_VERSION='62'
JPEG_LIB_VERSION_DECIMAL='6.2'
LDFLAGS=''
LIBOBJS=''
LIBS=''
LIBTOOL='$(SHELL) $(top_builddir)/libtool'
LN_S='ln -s'
LTLIBOBJS=''
MAKEINFO='${SHELL} /rok4-tobuild/lib/libjpeg/libjpeg-turbo-1.2.0/missing --run makeinfo'
NAFLAGS='-felf64 -DELF -D__x86_64__'
NASM='nasm'
OBJEXT='o'
PACKAGE='libjpeg-turbo'
PACKAGE_BUGREPORT=''
PACKAGE_NAME='libjpeg-turbo'
PACKAGE_STRING='libjpeg-turbo 1.2.0'
PACKAGE_TARNAME='libjpeg-turbo'
PACKAGE_URL=''
PACKAGE_VERSION='1.2.0'
PATH_SEPARATOR=':'
RANLIB='ranlib'
RPMARCH='x86_64'
RPM_CONFIG_ARGS=''
SET_MAKE=''
SHELL='/bin/bash'
SIMD_ARM_FALSE=''
SIMD_ARM_TRUE='#'
SIMD_I386_FALSE=''
SIMD_I386_TRUE='#'
SIMD_X86_64_FALSE='#'
SIMD_X86_64_TRUE=''
SO_MAJOR_VERSION='62'
SO_MINOR_VERSION='0'
STRIP='strip'
VERSION='1.2.0'
VERSION_SCRIPT_FALSE='#'
VERSION_SCRIPT_FLAG='-Wl,--version-script,'
VERSION_SCRIPT_TRUE=''
WITH_ARITH_DEC_FALSE='#'
WITH_ARITH_DEC_TRUE=''
WITH_ARITH_ENC_FALSE='#'
WITH_ARITH_ENC_TRUE=''
WITH_ARITH_FALSE='#'
WITH_ARITH_TRUE=''
WITH_JAVA='0'
WITH_JAVA_FALSE=''
WITH_JAVA_TRUE='#'
WITH_SIMD_FALSE='#'
WITH_SIMD_TRUE=''
WITH_SSE_FLOAT_DCT_FALSE='#'
WITH_SSE_FLOAT_DCT_TRUE=''
X86_64_FALSE='#'
X86_64_TRUE=''
ac_ct_CC='gcc'
ac_ct_CXX='g++'
ac_ct_F77=''
am__fastdepCC_FALSE='#'
am__fastdepCC_TRUE=''
am__fastdepCXX_FALSE='#'
am__fastdepCXX_TRUE=''
am__include='include'
am__leading_dot='.'
am__quote=''
am__tar='${AMTAR} chof - "$$tardir"'
am__untar='${AMTAR} xf -'
bindir='${exec_prefix}/bin'
build='x86_64-unknown-linux-gnu'
build_alias=''
build_cpu='x86_64'
build_os='linux-gnu'
build_vendor='unknown'
datadir='${datarootdir}'
datarootdir='${prefix}/share'
docdir='${datarootdir}/doc/${PACKAGE_TARNAME}'
dvidir='${docdir}'
exec_prefix='${prefix}'
host='x86_64-unknown-linux-gnu'
host_alias=''
host_cpu='x86_64'
host_os='linux-gnu'
host_vendor='unknown'
htmldir='${docdir}'
includedir='${prefix}/include'
infodir='${datarootdir}/info'
install_sh='/rok4-tobuild/lib/libjpeg/libjpeg-turbo-1.2.0/install-sh'
libdir='${exec_prefix}/lib'
libexecdir='${exec_prefix}/libexec'
localedir='${datarootdir}/locale'
localstatedir='${prefix}/var'
mandir='${datarootdir}/man'
mkdir_p='mkdir -p --'
oldincludedir='/usr/include'
pdfdir='${docdir}'
prefix='/rok4-tobuild/build/lib/libjpeg/install'
program_transform_name='s,x,x,'
psdir='${docdir}'
sbindir='${exec_prefix}/sbin'
sharedstatedir='${prefix}/com'
sysconfdir='${prefix}/etc'
target_alias=''

## ----------- ##
## confdefs.h. ##
## ----------- ##

/* confdefs.h */
#define PACKAGE_NAME "libjpeg-turbo"
#define PACKAGE_TARNAME "libjpeg-turbo"
#define PACKAGE_VERSION "1.2.0"
#define PACKAGE_STRING "libjpeg-turbo 1.2.0"
#define PACKAGE_BUGREPORT ""
#define PACKAGE_URL ""
#define PACKAGE "libjpeg-turbo"
#define VERSION "1.2.0"
#define HAVE_PROTOTYPES 1
#define STDC_HEADERS 1
#define HAVE_SYS_TYPES_H 1
#define HAVE_SYS_STAT_H 1
#define HAVE_STDLIB_H 1
#define HAVE_STRING_H 1
#define HAVE_MEMORY_H 1
#define HAVE_STRINGS_H 1
#define HAVE_INTTYPES_H 1
#define HAVE_STDINT_H 1
#define HAVE_UNISTD_H 1
#define HAVE_DLFCN_H 1
#define STDC_HEADERS 1
#define HAVE_STDDEF_H 1
#define HAVE_STDLIB_H 1
#define HAVE_STRING_H 1
#define NEED_SYS_TYPES_H 1
#define HAVE_UNSIGNED_CHAR 1
#define HAVE_UNSIGNED_SHORT 1
#define HAVE_MEMSET 1
#define HAVE_MEMCPY 1
#define JPEG_LIB_VERSION 62
#define LIBJPEG_TURBO_VERSION 1.2.0
#define INLINE __attribute__((always_inline))
#define C_ARITH_CODING_SUPPORTED 1
#define D_ARITH_CODING_SUPPORTED 1
#define WITH_SIMD 1
#define BUILD "20150222"

configure: exit 0
